Testsuite: test.RegistrationControllerTests
Tests run: 8, Failures: 5, Errors: 0, Time elapsed: 4.961 sec
------------- Standard Output ---------------
--Output from testList--
--Output from testShow--
--Output from testCreate--
--Output from testSave--
--Output from testDelete--
--Output from testIndex--
--Output from testUpdate--
--Output from testEdit--
------------- ---------------- ---------------
------------- Standard Error -----------------
--Output from testList--
--Output from testShow--
--Output from testCreate--
--Output from testSave--
--Output from testDelete--
--Output from testIndex--
--Output from testUpdate--
--Output from testEdit--
------------- ---------------- ---------------

Testcase: testList took 3.231 sec
Testcase: testShow took 0.87 sec
	FAILED
Assertion failed: 

assert registration.save() != null
       |            |      |
       |            null   false
       test.Registration : (unsaved)

junit.framework.AssertionFailedError: Assertion failed: 

assert registration.save() != null
       |            |      |
       |            null   false
       test.Registration : (unsaved)

	at test.RegistrationControllerTests.testShow(RegistrationControllerTests.groovy:62)

Testcase: testCreate took 0.074 sec
Testcase: testSave took 0.192 sec
	FAILED
Assertion failed: 

assert response.redirectedUrl == '/registration/show/1'
       |        |             |
       |        null          false
       org.codehaus.groovy.grails.plugins.testing.GrailsMockHttpServletResponse@18ce15a

junit.framework.AssertionFailedError: Assertion failed: 

assert response.redirectedUrl == '/registration/show/1'
       |        |             |
       |        null          false
       org.codehaus.groovy.grails.plugins.testing.GrailsMockHttpServletResponse@18ce15a

	at test.RegistrationControllerTests.testSave(RegistrationControllerTests.groovy:48)

Testcase: testDelete took 0.11 sec
	FAILED
Assertion failed: 

assert registration.save() != null
       |            |      |
       |            null   false
       test.Registration : (unsaved)

junit.framework.AssertionFailedError: Assertion failed: 

assert registration.save() != null
       |            |      |
       |            null   false
       test.Registration : (unsaved)

	at test.RegistrationControllerTests.testDelete(RegistrationControllerTests.groovy:144)

Testcase: testIndex took 0.068 sec
Testcase: testUpdate took 0.087 sec
	FAILED
Assertion failed: 

assert registration.save() != null
       |            |      |
       |            null   false
       test.Registration : (unsaved)

junit.framework.AssertionFailedError: Assertion failed: 

assert registration.save() != null
       |            |      |
       |            null   false
       test.Registration : (unsaved)

	at test.RegistrationControllerTests.testUpdate(RegistrationControllerTests.groovy:100)

Testcase: testEdit took 0.115 sec
	FAILED
Assertion failed: 

assert registration.save() != null
       |            |      |
       |            null   false
       test.Registration : (unsaved)

junit.framework.AssertionFailedError: Assertion failed: 

assert registration.save() != null
       |            |      |
       |            null   false
       test.Registration : (unsaved)

	at test.RegistrationControllerTests.testEdit(RegistrationControllerTests.groovy:80)

